<?xml version="1.0" encoding="UTF-8"?>
<testng-results ignored="0" total="23" passed="22" failed="1" skipped="0">
  <reporter-output>
  </reporter-output>
  <suite started-at="2020-09-28T20:45:52Z" name="RegressionSuite Lekha" finished-at="2020-09-28T20:49:28Z" duration-ms="216059">
    <groups>
    </groups>
    <test started-at="2020-09-28T20:45:52Z" name="TC_08_A" finished-at="2020-09-28T20:46:24Z" duration-ms="32337">
      <class name="com.ta.xero_automation.TestID_08_A_Add_organizationTrail_version1">
        <test-method signature="launchPageTest()[pri:1, instance:com.ta.xero_automation.TestID_08_A_Add_organizationTrail_version1@7dc3712]" started-at="2020-09-28T20:45:52Z" name="launchPageTest" finished-at="2020-09-28T20:45:52Z" duration-ms="343" status="PASS">
          <reporter-output>
          </reporter-output>
        </test-method> <!-- launchPageTest -->
        <test-method signature="logintest()[pri:2, instance:com.ta.xero_automation.TestID_08_A_Add_organizationTrail_version1@7dc3712]" started-at="2020-09-28T20:45:52Z" name="logintest" finished-at="2020-09-28T20:46:08Z" duration-ms="16036" status="PASS">
          <reporter-output>
          </reporter-output>
        </test-method> <!-- logintest -->
        <test-method signature="MyXerotest()[pri:3, instance:com.ta.xero_automation.TestID_08_A_Add_organizationTrail_version1@7dc3712]" started-at="2020-09-28T20:46:08Z" name="MyXerotest" finished-at="2020-09-28T20:46:08Z" duration-ms="287" status="PASS">
          <reporter-output>
          </reporter-output>
        </test-method> <!-- MyXerotest -->
        <test-method signature="AddOrganizationtest()[pri:4, instance:com.ta.xero_automation.TestID_08_A_Add_organizationTrail_version1@7dc3712]" started-at="2020-09-28T20:46:08Z" name="AddOrganizationtest" finished-at="2020-09-28T20:46:24Z" duration-ms="15648" status="PASS">
          <reporter-output>
          </reporter-output>
        </test-method> <!-- AddOrganizationtest -->
      </class> <!-- com.ta.xero_automation.TestID_08_A_Add_organizationTrail_version1 -->
    </test> <!-- TC_08_A -->
    <test started-at="2020-09-28T20:46:24Z" name="TC_08_B" finished-at="2020-09-28T20:46:55Z" duration-ms="31004">
      <class name="com.ta.xero_automation.TestID_08_B_Add_organizationTrail_version1">
        <test-method signature="launchPageTest()[pri:1, instance:com.ta.xero_automation.TestID_08_B_Add_organizationTrail_version1@5038d0b5]" started-at="2020-09-28T20:46:24Z" name="launchPageTest" finished-at="2020-09-28T20:46:24Z" duration-ms="35" status="PASS">
          <reporter-output>
          </reporter-output>
        </test-method> <!-- launchPageTest -->
        <test-method signature="logintest()[pri:2, instance:com.ta.xero_automation.TestID_08_B_Add_organizationTrail_version1@5038d0b5]" started-at="2020-09-28T20:46:24Z" name="logintest" finished-at="2020-09-28T20:46:38Z" duration-ms="14491" status="PASS">
          <reporter-output>
          </reporter-output>
        </test-method> <!-- logintest -->
        <test-method signature="MyXerotest()[pri:3, instance:com.ta.xero_automation.TestID_08_B_Add_organizationTrail_version1@5038d0b5]" started-at="2020-09-28T20:46:38Z" name="MyXerotest" finished-at="2020-09-28T20:46:39Z" duration-ms="206" status="PASS">
          <reporter-output>
          </reporter-output>
        </test-method> <!-- MyXerotest -->
        <test-method signature="AddOrganizationtest()[pri:4, instance:com.ta.xero_automation.TestID_08_B_Add_organizationTrail_version1@5038d0b5]" started-at="2020-09-28T20:46:39Z" name="AddOrganizationtest" finished-at="2020-09-28T20:46:55Z" duration-ms="16261" status="FAIL">
          <exception class="org.openqa.selenium.WebDriverException">
            <message>
              <![CDATA[element click intercepted: Element <button class="xui-button xui-actions--secondary button__2_4F- xui-button-standard xui-button-medium xui-button-fullwidth" tabindex="0" type="button" data-automationid="NewOrgProv-BuyNow">...</button> is not clickable at point (657, 685). Other element would receive the click: <span>...</span>
  (Session info: chrome=85.0.4183.121)
Build info: version: '3.4.0', revision: 'unknown', time: 'unknown'
System info: host: 'DESKTOP-SJNPATC', ip: '192.168.0.25', os.name: 'Windows 10', os.arch: 'amd64', os.version: '10.0', java.version: '14.0.1'
Driver info: org.openqa.selenium.chrome.ChromeDriver
Capabilities [{networkConnectionEnabled=false, chrome={chromedriverVersion=85.0.4183.87 (cd6713ebf92fa1cacc0f1a598df280093af0c5d7-refs/branch-heads/4183@{#1689}), userDataDir=C:\Users\dolby\AppData\Local\Temp\scoped_dir24404_1055242664}, timeouts={implicit=0.0, pageLoad=300000.0, script=30000.0}, pageLoadStrategy=normal, unhandledPromptBehavior=dismiss and notify, strictFileInteractability=false, platform=ANY, proxy=Proxy(), goog:chromeOptions={debuggerAddress=localhost:62899}, acceptInsecureCerts=false, browserVersion=85.0.4183.121, browserName=chrome, javascriptEnabled=true, platformName=windows, setWindowRect=true, webauthn:virtualAuthenticators=true}]
Session ID: f551cfab46fadf7530958ea72dab41e1]]>
            </message>
            <full-stacktrace>
              <![CDATA[org.openqa.selenium.WebDriverException: element click intercepted: Element <button class="xui-button xui-actions--secondary button__2_4F- xui-button-standard xui-button-medium xui-button-fullwidth" tabindex="0" type="button" data-automationid="NewOrgProv-BuyNow">...</button> is not clickable at point (657, 685). Other element would receive the click: <span>...</span>
  (Session info: chrome=85.0.4183.121)
Build info: version: '3.4.0', revision: 'unknown', time: 'unknown'
System info: host: 'DESKTOP-SJNPATC', ip: '192.168.0.25', os.name: 'Windows 10', os.arch: 'amd64', os.version: '10.0', java.version: '14.0.1'
Driver info: org.openqa.selenium.chrome.ChromeDriver
Capabilities [{networkConnectionEnabled=false, chrome={chromedriverVersion=85.0.4183.87 (cd6713ebf92fa1cacc0f1a598df280093af0c5d7-refs/branch-heads/4183@{#1689}), userDataDir=C:\Users\dolby\AppData\Local\Temp\scoped_dir24404_1055242664}, timeouts={implicit=0.0, pageLoad=300000.0, script=30000.0}, pageLoadStrategy=normal, unhandledPromptBehavior=dismiss and notify, strictFileInteractability=false, platform=ANY, proxy=Proxy(), goog:chromeOptions={debuggerAddress=localhost:62899}, acceptInsecureCerts=false, browserVersion=85.0.4183.121, browserName=chrome, javascriptEnabled=true, platformName=windows, setWindowRect=true, webauthn:virtualAuthenticators=true}]
Session ID: f551cfab46fadf7530958ea72dab41e1
at java.base/jdk.internal.reflect.NativeConstructorAccessorImpl.newInstance0(Native Method)
at java.base/jdk.internal.reflect.NativeConstructorAccessorImpl.newInstance(NativeConstructorAccessorImpl.java:62)
at java.base/jdk.internal.reflect.DelegatingConstructorAccessorImpl.newInstance(DelegatingConstructorAccessorImpl.java:45)
at java.base/java.lang.reflect.Constructor.newInstanceWithCaller(Constructor.java:500)
at java.base/java.lang.reflect.Constructor.newInstance(Constructor.java:481)
at org.openqa.selenium.remote.http.W3CHttpResponseCodec.createException(W3CHttpResponseCodec.java:150)
at org.openqa.selenium.remote.http.W3CHttpResponseCodec.decode(W3CHttpResponseCodec.java:115)
at org.openqa.selenium.remote.http.W3CHttpResponseCodec.decode(W3CHttpResponseCodec.java:45)
at org.openqa.selenium.remote.HttpCommandExecutor.execute(HttpCommandExecutor.java:164)
at org.openqa.selenium.remote.service.DriverCommandExecutor.execute(DriverCommandExecutor.java:82)
at org.openqa.selenium.remote.RemoteWebDriver.execute(RemoteWebDriver.java:637)
at org.openqa.selenium.remote.RemoteWebElement.execute(RemoteWebElement.java:272)
at org.openqa.selenium.remote.RemoteWebElement.click(RemoteWebElement.java:82)
at jdk.internal.reflect.GeneratedMethodAccessor2.invoke(Unknown Source)
at java.base/jdk.internal.reflect.DelegatingMethodAccessorImpl.invoke(DelegatingMethodAccessorImpl.java:43)
at java.base/java.lang.reflect.Method.invoke(Method.java:564)
at org.openqa.selenium.support.pagefactory.internal.LocatingElementHandler.invoke(LocatingElementHandler.java:51)
at com.sun.proxy.$Proxy9.click(Unknown Source)
at com.ta.xero_automation.Xero_Utility.clickObj(Xero_Utility.java:115)
at com.ta.Pages.Add_another_organization_Trail_version_1.BuyOrganization(Add_another_organization_Trail_version_1.java:200)
at com.ta.xero_automation.TestID_08_B_Add_organizationTrail_version1.AddOrganizationtest(TestID_08_B_Add_organizationTrail_version1.java:41)
at java.base/jdk.internal.reflect.NativeMethodAccessorImpl.invoke0(Native Method)
at java.base/jdk.internal.reflect.NativeMethodAccessorImpl.invoke(NativeMethodAccessorImpl.java:62)
at java.base/jdk.internal.reflect.DelegatingMethodAccessorImpl.invoke(DelegatingMethodAccessorImpl.java:43)
at java.base/java.lang.reflect.Method.invoke(Method.java:564)
at org.testng.internal.MethodInvocationHelper.invokeMethod(MethodInvocationHelper.java:124)
at org.testng.internal.Invoker.invokeMethod(Invoker.java:583)
at org.testng.internal.Invoker.invokeTestMethod(Invoker.java:719)
at org.testng.internal.Invoker.invokeTestMethods(Invoker.java:989)
at org.testng.internal.TestMethodWorker.invokeTestMethods(TestMethodWorker.java:125)
at org.testng.internal.TestMethodWorker.run(TestMethodWorker.java:109)
at org.testng.TestRunner.privateRun(TestRunner.java:648)
at org.testng.TestRunner.run(TestRunner.java:505)
at org.testng.SuiteRunner.runTest(SuiteRunner.java:455)
at org.testng.SuiteRunner.runSequentially(SuiteRunner.java:450)
at org.testng.SuiteRunner.privateRun(SuiteRunner.java:415)
at org.testng.SuiteRunner.run(SuiteRunner.java:364)
at org.testng.SuiteRunnerWorker.runSuite(SuiteRunnerWorker.java:52)
at org.testng.SuiteRunnerWorker.run(SuiteRunnerWorker.java:84)
at org.testng.TestNG.runSuitesSequentially(TestNG.java:1208)
at org.testng.TestNG.runSuitesLocally(TestNG.java:1137)
at org.testng.TestNG.runSuites(TestNG.java:1049)
at org.testng.TestNG.run(TestNG.java:1017)
at org.testng.remote.AbstractRemoteTestNG.run(AbstractRemoteTestNG.java:115)
at org.testng.remote.RemoteTestNG.initAndRun(RemoteTestNG.java:251)
at org.testng.remote.RemoteTestNG.main(RemoteTestNG.java:77)
]]>
            </full-stacktrace>
          </exception> <!-- org.openqa.selenium.WebDriverException -->
          <reporter-output>
          </reporter-output>
        </test-method> <!-- AddOrganizationtest -->
      </class> <!-- com.ta.xero_automation.TestID_08_B_Add_organizationTrail_version1 -->
    </test> <!-- TC_08_B -->
    <test started-at="2020-09-28T20:46:55Z" name="TC_08_C" finished-at="2020-09-28T20:47:37Z" duration-ms="42202">
      <class name="com.ta.xero_automation.TestID_08_C_Add_another_organization_Paid_version_1">
        <test-method signature="launchPageTest()[pri:1, instance:com.ta.xero_automation.TestID_08_C_Add_another_organization_Paid_version_1@3214ee6]" started-at="2020-09-28T20:46:55Z" name="launchPageTest" finished-at="2020-09-28T20:46:55Z" duration-ms="19" status="PASS">
          <reporter-output>
          </reporter-output>
        </test-method> <!-- launchPageTest -->
        <test-method signature="logintest()[pri:2, instance:com.ta.xero_automation.TestID_08_C_Add_another_organization_Paid_version_1@3214ee6]" started-at="2020-09-28T20:46:55Z" name="logintest" finished-at="2020-09-28T20:47:10Z" duration-ms="14932" status="PASS">
          <reporter-output>
          </reporter-output>
        </test-method> <!-- logintest -->
        <test-method signature="MyXerotest()[pri:3, instance:com.ta.xero_automation.TestID_08_C_Add_another_organization_Paid_version_1@3214ee6]" started-at="2020-09-28T20:47:10Z" name="MyXerotest" finished-at="2020-09-28T20:47:10Z" duration-ms="232" status="PASS">
          <reporter-output>
          </reporter-output>
        </test-method> <!-- MyXerotest -->
        <test-method signature="AddOrganizationtest()[pri:4, instance:com.ta.xero_automation.TestID_08_C_Add_another_organization_Paid_version_1@3214ee6]" started-at="2020-09-28T20:47:10Z" name="AddOrganizationtest" finished-at="2020-09-28T20:47:37Z" duration-ms="27015" status="PASS">
          <reporter-output>
          </reporter-output>
        </test-method> <!-- AddOrganizationtest -->
      </class> <!-- com.ta.xero_automation.TestID_08_C_Add_another_organization_Paid_version_1 -->
    </test> <!-- TC_08_C -->
    <test started-at="2020-09-28T20:47:37Z" name="TC_08_D" finished-at="2020-09-28T20:48:15Z" duration-ms="37977">
      <class name="com.ta.xero_automation.TestID_08_D_Add_organization_StandardPlan">
        <test-method signature="launchPageTest()[pri:1, instance:com.ta.xero_automation.TestID_08_D_Add_organization_StandardPlan@2f01783a]" started-at="2020-09-28T20:47:37Z" name="launchPageTest" finished-at="2020-09-28T20:47:37Z" duration-ms="17" status="PASS">
          <reporter-output>
          </reporter-output>
        </test-method> <!-- launchPageTest -->
        <test-method signature="logintest()[pri:2, instance:com.ta.xero_automation.TestID_08_D_Add_organization_StandardPlan@2f01783a]" started-at="2020-09-28T20:47:37Z" name="logintest" finished-at="2020-09-28T20:47:53Z" duration-ms="15599" status="PASS">
          <reporter-output>
          </reporter-output>
        </test-method> <!-- logintest -->
        <test-method signature="AddOrganizationtest()[pri:3, instance:com.ta.xero_automation.TestID_08_D_Add_organization_StandardPlan@2f01783a]" started-at="2020-09-28T20:47:53Z" name="AddOrganizationtest" finished-at="2020-09-28T20:48:15Z" duration-ms="22359" status="PASS">
          <reporter-output>
          </reporter-output>
        </test-method> <!-- AddOrganizationtest -->
      </class> <!-- com.ta.xero_automation.TestID_08_D_Add_organization_StandardPlan -->
    </test> <!-- TC_08_D -->
    <test started-at="2020-09-28T20:48:15Z" name="TC_08_E" finished-at="2020-09-28T20:48:55Z" duration-ms="39707">
      <class name="com.ta.xero_automation.TestID_08_E_Add_another_organization_PremiumPlan">
        <test-method signature="launchPageTest()[pri:1, instance:com.ta.xero_automation.TestID_08_E_Add_another_organization_PremiumPlan@78fa769e]" started-at="2020-09-28T20:48:15Z" name="launchPageTest" finished-at="2020-09-28T20:48:15Z" duration-ms="16" status="PASS">
          <reporter-output>
          </reporter-output>
        </test-method> <!-- launchPageTest -->
        <test-method signature="logintest()[pri:2, instance:com.ta.xero_automation.TestID_08_E_Add_another_organization_PremiumPlan@78fa769e]" started-at="2020-09-28T20:48:15Z" name="logintest" finished-at="2020-09-28T20:48:31Z" duration-ms="16250" status="PASS">
          <reporter-output>
          </reporter-output>
        </test-method> <!-- logintest -->
        <test-method signature="AddOrganizationtest()[pri:3, instance:com.ta.xero_automation.TestID_08_E_Add_another_organization_PremiumPlan@78fa769e]" started-at="2020-09-28T20:48:31Z" name="AddOrganizationtest" finished-at="2020-09-28T20:48:55Z" duration-ms="23438" status="PASS">
          <reporter-output>
          </reporter-output>
        </test-method> <!-- AddOrganizationtest -->
      </class> <!-- com.ta.xero_automation.TestID_08_E_Add_another_organization_PremiumPlan -->
    </test> <!-- TC_08_E -->
    <test started-at="2020-09-28T20:48:55Z" name="TC_08_F" finished-at="2020-09-28T20:49:28Z" duration-ms="32774">
      <class name="com.ta.xero_automation.TestID_08_A_Add_organizationTrail_version1">
        <test-method is-config="true" signature="setUp()[pri:0, instance:com.ta.xero_automation.TestID_08_A_Add_organizationTrail_version1@7dc3712]" started-at="2020-09-28T20:45:10Z" name="setUp" finished-at="2020-09-28T20:45:17Z" duration-ms="7263" status="PASS">
          <reporter-output>
          </reporter-output>
        </test-method> <!-- setUp -->
        <test-method is-config="true" signature="setUp()[pri:0, instance:com.ta.xero_automation.TestID_08_B_Add_organizationTrail_version1@5038d0b5]" started-at="2020-09-28T20:45:17Z" name="setUp" finished-at="2020-09-28T20:45:24Z" duration-ms="7232" status="PASS">
          <reporter-output>
          </reporter-output>
        </test-method> <!-- setUp -->
        <test-method is-config="true" signature="setUp()[pri:0, instance:com.ta.xero_automation.TestID_08_C_Add_another_organization_Paid_version_1@3214ee6]" started-at="2020-09-28T20:45:24Z" name="setUp" finished-at="2020-09-28T20:45:32Z" duration-ms="7597" status="PASS">
          <reporter-output>
          </reporter-output>
        </test-method> <!-- setUp -->
        <test-method is-config="true" signature="setUp()[pri:0, instance:com.ta.xero_automation.TestID_08_D_Add_organization_StandardPlan@2f01783a]" started-at="2020-09-28T20:45:32Z" name="setUp" finished-at="2020-09-28T20:45:38Z" duration-ms="6483" status="PASS">
          <reporter-output>
          </reporter-output>
        </test-method> <!-- setUp -->
        <test-method is-config="true" signature="setUp()[pri:0, instance:com.ta.xero_automation.TestID_08_E_Add_another_organization_PremiumPlan@78fa769e]" started-at="2020-09-28T20:45:38Z" name="setUp" finished-at="2020-09-28T20:45:45Z" duration-ms="6647" status="PASS">
          <reporter-output>
          </reporter-output>
        </test-method> <!-- setUp -->
        <test-method is-config="true" signature="setUp()[pri:0, instance:com.ta.xero_automation.TestID_08_F_Quickbooks_user@4149c063]" started-at="2020-09-28T20:45:45Z" name="setUp" finished-at="2020-09-28T20:45:52Z" duration-ms="6477" status="PASS">
          <reporter-output>
          </reporter-output>
        </test-method> <!-- setUp -->
        <test-method is-config="true" signature="closingBrowser()[pri:0, instance:com.ta.xero_automation.TestID_08_A_Add_organizationTrail_version1@7dc3712]" started-at="2020-09-28T20:49:28Z" name="closingBrowser" finished-at="2020-09-28T20:49:29Z" duration-ms="1030" status="PASS">
          <reporter-output>
          </reporter-output>
        </test-method> <!-- closingBrowser -->
        <test-method is-config="true" signature="closingBrowser()[pri:0, instance:com.ta.xero_automation.TestID_08_B_Add_organizationTrail_version1@5038d0b5]" started-at="2020-09-28T20:49:29Z" name="closingBrowser" finished-at="2020-09-28T20:49:29Z" duration-ms="29" status="PASS">
          <reporter-output>
          </reporter-output>
        </test-method> <!-- closingBrowser -->
        <test-method is-config="true" signature="closingBrowser()[pri:0, instance:com.ta.xero_automation.TestID_08_C_Add_another_organization_Paid_version_1@3214ee6]" started-at="2020-09-28T20:49:29Z" name="closingBrowser" finished-at="2020-09-28T20:49:29Z" duration-ms="28" status="PASS">
          <reporter-output>
          </reporter-output>
        </test-method> <!-- closingBrowser -->
        <test-method is-config="true" signature="closingBrowser()[pri:0, instance:com.ta.xero_automation.TestID_08_D_Add_organization_StandardPlan@2f01783a]" started-at="2020-09-28T20:49:29Z" name="closingBrowser" finished-at="2020-09-28T20:49:29Z" duration-ms="27" status="PASS">
          <reporter-output>
          </reporter-output>
        </test-method> <!-- closingBrowser -->
        <test-method is-config="true" signature="closingBrowser()[pri:0, instance:com.ta.xero_automation.TestID_08_E_Add_another_organization_PremiumPlan@78fa769e]" started-at="2020-09-28T20:49:29Z" name="closingBrowser" finished-at="2020-09-28T20:49:29Z" duration-ms="24" status="PASS">
          <reporter-output>
          </reporter-output>
        </test-method> <!-- closingBrowser -->
        <test-method is-config="true" signature="closingBrowser()[pri:0, instance:com.ta.xero_automation.TestID_08_F_Quickbooks_user@4149c063]" started-at="2020-09-28T20:49:29Z" name="closingBrowser" finished-at="2020-09-28T20:49:29Z" duration-ms="18" status="PASS">
          <reporter-output>
          </reporter-output>
        </test-method> <!-- closingBrowser -->
      </class> <!-- com.ta.xero_automation.TestID_08_A_Add_organizationTrail_version1 -->
      <class name="com.ta.xero_automation.TestID_08_F_Quickbooks_user">
        <test-method signature="launchPageTest()[pri:1, instance:com.ta.xero_automation.TestID_08_F_Quickbooks_user@4149c063]" started-at="2020-09-28T20:48:55Z" name="launchPageTest" finished-at="2020-09-28T20:48:55Z" duration-ms="25" status="PASS">
          <reporter-output>
          </reporter-output>
        </test-method> <!-- launchPageTest -->
        <test-method signature="logintest()[pri:2, instance:com.ta.xero_automation.TestID_08_F_Quickbooks_user@4149c063]" started-at="2020-09-28T20:48:55Z" name="logintest" finished-at="2020-09-28T20:49:11Z" duration-ms="15832" status="PASS">
          <reporter-output>
          </reporter-output>
        </test-method> <!-- logintest -->
        <test-method signature="MyXerotest()[pri:3, instance:com.ta.xero_automation.TestID_08_F_Quickbooks_user@4149c063]" started-at="2020-09-28T20:49:11Z" name="MyXerotest" finished-at="2020-09-28T20:49:11Z" duration-ms="187" status="PASS">
          <reporter-output>
          </reporter-output>
        </test-method> <!-- MyXerotest -->
        <test-method signature="Quickbooks_test()[pri:4, instance:com.ta.xero_automation.TestID_08_F_Quickbooks_user@4149c063]" started-at="2020-09-28T20:49:11Z" name="Quickbooks_test" finished-at="2020-09-28T20:49:25Z" duration-ms="13787" status="PASS">
          <reporter-output>
          </reporter-output>
        </test-method> <!-- Quickbooks_test -->
        <test-method signature="validateQuickBooktest()[pri:4, instance:com.ta.xero_automation.TestID_08_F_Quickbooks_user@4149c063]" started-at="2020-09-28T20:49:25Z" name="validateQuickBooktest" finished-at="2020-09-28T20:49:28Z" duration-ms="2939" status="PASS">
          <reporter-output>
          </reporter-output>
        </test-method> <!-- validateQuickBooktest -->
      </class> <!-- com.ta.xero_automation.TestID_08_F_Quickbooks_user -->
    </test> <!-- TC_08_F -->
  </suite> <!-- RegressionSuite Lekha -->
</testng-results>
