<?xml version="1.0" encoding="UTF-8"?>
<!-- Generated by org.testng.reporters.JUnitXMLReporter -->
<testsuite ignored="0" hostname="DESKTOP-SJNPATC" failures="0" tests="4" name="TC_08_C" time="42.202" errors="0" timestamp="28 Sep 2020 20:47:37 GMT">
  <testcase classname="com.ta.xero_automation.TestID_08_C_Add_another_organization_Paid_version_1" name="launchPageTest" time="0.019"/>
  <testcase classname="com.ta.xero_automation.TestID_08_C_Add_another_organization_Paid_version_1" name="logintest" time="14.932"/>
  <testcase classname="com.ta.xero_automation.TestID_08_C_Add_another_organization_Paid_version_1" name="MyXerotest" time="0.232"/>
  <testcase classname="com.ta.xero_automation.TestID_08_C_Add_another_organization_Paid_version_1" name="AddOrganizationtest" time="27.015"/>
</testsuite> <!-- TC_08_C -->
