<?xml version="1.0" encoding="UTF-8"?>
<!-- Generated by org.testng.reporters.JUnitXMLReporter -->
<testsuite ignored="0" hostname="DESKTOP-SJNPATC" failures="0" tests="13" name="TC_03" time="31.203" errors="0" timestamp="28 Sep 2020 20:41:23 GMT">
  <testcase classname="com.ta.xero_automation.TestID_03_A_Test_all_tabs_page" name="launchPageTest" time="0.055"/>
  <testcase classname="com.ta.xero_automation.TestID_03_A_Test_all_tabs_page" name="logintest" time="19.079"/>
  <testcase classname="com.ta.xero_automation.TestID_03_A_Test_all_tabs_page" name="HomePageTest" time="0.03"/>
  <testcase classname="com.ta.xero_automation.TestID_03_A_Test_all_tabs_page" name="DashBoardPageTest" time="1.223"/>
  <testcase classname="com.ta.xero_automation.TestID_03_A_Test_all_tabs_page" name="AccountingPageTest" time="0.345"/>
  <testcase classname="com.ta.xero_automation.TestID_03_A_Test_all_tabs_page" name="ReportsPageTest" time="3.294"/>
  <testcase classname="com.ta.xero_automation.TestID_03_A_Test_all_tabs_page" name="contactsPageTest" time="0.169"/>
  <testcase classname="com.ta.xero_automation.TestID_03_A_Test_all_tabs_page" name="SettingsPageTest" time="1.857"/>
  <testcase classname="com.ta.xero_automation.TestID_03_A_Test_all_tabs_page" name="NewDropDownTest" time="0.124"/>
  <testcase classname="com.ta.xero_automation.TestID_03_A_Test_all_tabs_page" name="FilesPageTest" time="3.86"/>
  <testcase classname="com.ta.xero_automation.TestID_03_A_Test_all_tabs_page" name="NotificationPageTest" time="0.501"/>
  <testcase classname="com.ta.xero_automation.TestID_03_A_Test_all_tabs_page" name="SearchBarTest" time="0.341"/>
  <testcase classname="com.ta.xero_automation.TestID_03_A_Test_all_tabs_page" name="HelpAreaTest" time="0.248"/>
</testsuite> <!-- TC_03 -->
