<?xml version="1.0" encoding="UTF-8"?>
<!-- Generated by org.testng.reporters.JUnitXMLReporter -->
<testsuite ignored="0" hostname="DESKTOP-SJNPATC" failures="0" tests="3" name="TC_01_B" time="10.495" errors="0" timestamp="28 Sep 2020 20:28:33 GMT">
  <testcase classname="com.ta.xero_automation.TestID_01_B_Incorrect_Password" name="launchPageTest" time="0.036"/>
  <testcase classname="com.ta.xero_automation.TestID_01_B_Incorrect_Password" name="logintest" time="10.388"/>
  <testcase classname="com.ta.xero_automation.TestID_01_B_Incorrect_Password" name="ErrorMsgTest" time="0.067"/>
</testsuite> <!-- TC_01_B -->
