<?xml version="1.0" encoding="UTF-8"?>
<!-- Generated by org.testng.reporters.JUnitXMLReporter -->
<testsuite ignored="0" hostname="DESKTOP-SJNPATC" failures="0" tests="3" name="TC_08_E" time="39.707" errors="0" timestamp="28 Sep 2020 20:48:55 GMT">
  <testcase classname="com.ta.xero_automation.TestID_08_E_Add_another_organization_PremiumPlan" name="launchPageTest" time="0.016"/>
  <testcase classname="com.ta.xero_automation.TestID_08_E_Add_another_organization_PremiumPlan" name="logintest" time="16.25"/>
  <testcase classname="com.ta.xero_automation.TestID_08_E_Add_another_organization_PremiumPlan" name="AddOrganizationtest" time="23.438"/>
</testsuite> <!-- TC_08_E -->
