<?xml version="1.0" encoding="UTF-8"?>
<!-- Generated by org.testng.reporters.JUnitXMLReporter -->
<testsuite ignored="0" hostname="DESKTOP-SJNPATC" failures="0" tests="3" name="TC_01_C" time="10.045" errors="0" timestamp="28 Sep 2020 20:28:43 GMT">
  <testcase classname="com.ta.xero_automation.TestID_01_C_Incorrect_Email" name="launchPageTest" time="0.025"/>
  <testcase classname="com.ta.xero_automation.TestID_01_C_Incorrect_Email" name="logintest" time="9.948"/>
  <testcase classname="com.ta.xero_automation.TestID_01_C_Incorrect_Email" name="ErrorMsgTest" time="0.068"/>
</testsuite> <!-- TC_01_C -->
