<?xml version="1.0" encoding="UTF-8"?>
<!-- Generated by org.testng.reporters.JUnitXMLReporter -->
<testsuite ignored="0" hostname="DESKTOP-SJNPATC" failures="1" tests="3" name="TC_02_D" time="2.241" errors="0" timestamp="28 Sep 2020 20:36:41 GMT">
  <testcase classname="com.ta.xero_automation.TestID_02_D_SignUp_to_XDC" name="launchPageTest" time="0.052"/>
  <testcase classname="com.ta.xero_automation.TestID_02_D_SignUp_to_XDC" name="FreeTrialPageTest" time="1.536"/>
  <testcase classname="com.ta.xero_automation.TestID_02_D_SignUp_to_XDC" name="OfferPageTest" time="0.648">
    <failure type="java.lang.IndexOutOfBoundsException" message="Index 1 out of bounds for length 1">
      <![CDATA[java.lang.IndexOutOfBoundsException: Index 1 out of bounds for length 1
at java.base/jdk.internal.util.Preconditions.outOfBounds(Preconditions.java:64)
at java.base/jdk.internal.util.Preconditions.outOfBoundsCheckIndex(Preconditions.java:70)
at java.base/jdk.internal.util.Preconditions.checkIndex(Preconditions.java:248)
at java.base/java.util.Objects.checkIndex(Objects.java:373)
at java.base/java.util.ArrayList.get(ArrayList.java:426)
at com.ta.Pages.SignUp_to_XDC.ValidateOfferPage(SignUp_to_XDC.java:187)
at com.ta.xero_automation.TestID_02_D_SignUp_to_XDC.OfferPageTest(TestID_02_D_SignUp_to_XDC.java:33)
... Removed 25 stack frames]]>
    </failure>
  </testcase> <!-- OfferPageTest -->
</testsuite> <!-- TC_02_D -->
