<?xml version="1.0" encoding="UTF-8"?>
<!-- Generated by org.testng.reporters.JUnitXMLReporter -->
<testsuite ignored="0" hostname="DESKTOP-SJNPATC" failures="0" tests="3" name="TC_08_D" time="37.977" errors="0" timestamp="28 Sep 2020 20:48:15 GMT">
  <testcase classname="com.ta.xero_automation.TestID_08_D_Add_organization_StandardPlan" name="launchPageTest" time="0.017"/>
  <testcase classname="com.ta.xero_automation.TestID_08_D_Add_organization_StandardPlan" name="logintest" time="15.599"/>
  <testcase classname="com.ta.xero_automation.TestID_08_D_Add_organization_StandardPlan" name="AddOrganizationtest" time="22.359"/>
</testsuite> <!-- TC_08_D -->
