<?xml version="1.0" encoding="UTF-8"?>
<!-- Generated by org.testng.reporters.JUnitXMLReporter -->
<testsuite ignored="0" hostname="DESKTOP-SJNPATC" failures="0" tests="3" name="TC_02_E" time="4.113" errors="0" timestamp="28 Sep 2020 20:36:45 GMT">
  <testcase classname="com.ta.xero_automation.TestID_02_E_SignUp_to_XDC" name="launchPageTest" time="0.032"/>
  <testcase classname="com.ta.xero_automation.TestID_02_E_SignUp_to_XDC" name="FreeTrialPageTest" time="1.153"/>
  <testcase classname="com.ta.xero_automation.TestID_02_E_SignUp_to_XDC" name="BookKeeperPageTest" time="2.926"/>
</testsuite> <!-- TC_02_E -->
