<?xml version="1.0" encoding="UTF-8"?>
<!-- Generated by org.testng.reporters.JUnitXMLReporter -->
<testsuite ignored="0" hostname="DESKTOP-SJNPATC" failures="0" tests="3" name="TC_02_A" time="20.341" errors="0" timestamp="28 Sep 2020 20:36:12 GMT">
  <testcase classname="com.ta.xero_automation.TestID_02_A_SignUp_to_XDC" name="launchPageTest" time="0.074"/>
  <testcase classname="com.ta.xero_automation.TestID_02_A_SignUp_to_XDC" name="FreeTrialPageTest" time="1.606"/>
  <testcase classname="com.ta.xero_automation.TestID_02_A_SignUp_to_XDC" name="FillTrialPageTest" time="18.642"/>
</testsuite> <!-- TC_02_A -->
