<?xml version="1.0" encoding="UTF-8"?>
<!-- Generated by org.testng.reporters.JUnitXMLReporter -->
<testsuite ignored="0" hostname="DESKTOP-SJNPATC" failures="0" tests="4" name="TC_08_A" time="32.337" errors="0" timestamp="28 Sep 2020 20:46:24 GMT">
  <testcase classname="com.ta.xero_automation.TestID_08_A_Add_organizationTrail_version1" name="launchPageTest" time="0.343"/>
  <testcase classname="com.ta.xero_automation.TestID_08_A_Add_organizationTrail_version1" name="logintest" time="16.036"/>
  <testcase classname="com.ta.xero_automation.TestID_08_A_Add_organizationTrail_version1" name="MyXerotest" time="0.287"/>
  <testcase classname="com.ta.xero_automation.TestID_08_A_Add_organizationTrail_version1" name="AddOrganizationtest" time="15.648"/>
</testsuite> <!-- TC_08_A -->
