<?xml version="1.0" encoding="UTF-8"?>
<!-- Generated by org.testng.reporters.JUnitXMLReporter -->
<testsuite ignored="0" hostname="DESKTOP-SJNPATC" failures="0" tests="5" name="TC_08_F" time="32.774" errors="0" timestamp="28 Sep 2020 20:49:28 GMT">
  <testcase classname="com.ta.xero_automation.TestID_08_F_Quickbooks_user" name="launchPageTest" time="0.025"/>
  <testcase classname="com.ta.xero_automation.TestID_08_F_Quickbooks_user" name="logintest" time="15.832"/>
  <testcase classname="com.ta.xero_automation.TestID_08_F_Quickbooks_user" name="MyXerotest" time="0.187"/>
  <testcase classname="com.ta.xero_automation.TestID_08_F_Quickbooks_user" name="Quickbooks_test" time="13.787"/>
  <testcase classname="com.ta.xero_automation.TestID_08_F_Quickbooks_user" name="validateQuickBooktest" time="2.939"/>
</testsuite> <!-- TC_08_F -->
