<?xml version="1.0" encoding="UTF-8"?>
<!-- Generated by org.testng.reporters.JUnitXMLReporter -->
<testsuite ignored="0" hostname="DESKTOP-SJNPATC" failures="0" tests="3" name="TC_01_A" time="19.007" errors="0" timestamp="28 Sep 2020 20:28:23 GMT">
  <testcase classname="com.ta.xero_automation.TestID_01_A_Navigate_to_XERO" name="launchPageTest" time="0.033"/>
  <testcase classname="com.ta.xero_automation.TestID_01_A_Navigate_to_XERO" name="logintest" time="18.899"/>
  <testcase classname="com.ta.xero_automation.TestID_01_A_Navigate_to_XERO" name="HomePageTest" time="0.054"/>
</testsuite> <!-- TC_01_A -->
