<?xml version="1.0" encoding="UTF-8" ?>
<testsuite tests="24" failures="0" name="TestSuite" time="55.503" errors="0" skipped="0">
  <properties>
[...]
</properties>
  <testcase classname="com.ta.xero_automation.TestID_01_A_Navigate_to_XERO" name="launchPageTest" time="0.171"/>
  <testcase classname="com.ta.xero_automation.TestID_01_B_Incorrect_Password" name="launchPageTest" time="0.032"/>
  <testcase classname="com.ta.xero_automation.TestID_01_C_Incorrect_Email" name="launchPageTest" time="0.018"/>
  <testcase classname="com.ta.xero_automation.TestID_01_D_Forgot_PassWord" name="launchPageTest" time="1.263"/>
  <testcase classname="com.ta.xero_automation.TestID_02_A_SignUp_to_XDC" name="launchPageTest" time="0.055"/>
  <testcase classname="com.ta.xero_automation.TestID_02_B_SignUp_to_XDC" name="launchPageTest" time="0.077"/>
  <testcase classname="com.ta.xero_automation.TestID_02_C_SignUp_to_XDC" name="launchPageTest" time="0.087"/>
  <testcase classname="com.ta.xero_automation.TestID_02_D_SignUp_to_XDC" name="launchPageTest" time="0.056"/>
  <testcase classname="com.ta.xero_automation.TestID_02_E_SignUp_to_XDC" name="launchPageTest" time="0.052"/>
  <testcase classname="com.ta.xero_automation.TestID_03_A_Test_all_tabs_page" name="launchPageTest" time="0.026"/>
  <testcase classname="com.ta.xero_automation.TestID_04_A_Test_Logout_Functionality" name="launchPageTest" time="0.022"/>
  <testcase classname="com.ta.xero_automation.TestID_06_A_Test_Upload_profile_image" name="launchPageTest" time="0.019"/>
  <testcase classname="com.ta.xero_automation.TestID_08_A_Add_organizationTrail_version1" name="launchPageTest" time="0.023"/>
  <testcase classname="com.ta.xero_automation.TestID_08_B_Add_organizationTrail_version1" name="launchPageTest" time="0.019"/>
  <testcase classname="com.ta.xero_automation.TestID_08_C_Add_another_organization_Paid_version_1" name="launchPageTest" time="0.02"/>
  <testcase classname="com.ta.xero_automation.TestID_08_D_Add_organization_StandardPlan" name="launchPageTest" time="0.022"/>
  <testcase classname="com.ta.xero_automation.TestID_08_E_Add_another_organization_PremiumPlan" name="launchPageTest" time="0.022"/>
  <testcase classname="com.ta.xero_automation.TestID_08_F_Quickbooks_user" name="launchPageTest" time="0.022"/>
  <testcase classname="com.ta.xero_automation.TestID_10_A_CheckAll" name="launchPageTest" time="0.019"/>
  <testcase classname="com.ta.xero_automation.TestID_01_A_Navigate_to_XERO" name="logintest" time="22.909"/>
  <testcase classname="com.ta.xero_automation.TestID_01_B_Incorrect_Password" name="logintest" time="12.5"/>
  <testcase classname="com.ta.xero_automation.TestID_01_C_Incorrect_Email" name="logintest" time="12.63"/>
  <testcase classname="com.ta.xero_automation.TestID_01_D_Forgot_PassWord" name="ResetPasswordTest" time="3.069"/>
  <testcase classname="com.ta.xero_automation.TestID_02_A_SignUp_to_XDC" name="FreeTrialPageTest" time="2.37"/>
</testsuite>